<?xml version="1.0" encoding="UTF-8"?>
<!-- Generated by org.testng.reporters.JUnitReportReporter -->
<testsuite skipped="0" hostname="DESKTOP-EPSCO4S" name="com.expedia.flightsbooking_profiles.TestNG_TestSuite" tests="1" failures="0" timestamp="20 Oct 2019 12:49:58 GMT" time="6.144" errors="0">
  <testcase name="fillBasicInfo" time="6.144" classname="com.expedia.flightsbooking_profiles.TestNG_TestSuite"/>
</testsuite> <!-- com.expedia.flightsbooking_profiles.TestNG_TestSuite -->
