<?xml version="1.0" encoding="UTF-8"?>
<!-- Generated by org.testng.reporters.JUnitReportReporter -->
<testsuite skipped="0" hostname="DESKTOP-EPSCO4S" name="com.expedia.flightsbooking_profiles.TestNG_Grouping" tests="4" failures="0" timestamp="20 Oct 2019 12:53:10 GMT" time="0.024" errors="0">
  <testcase name="testNinja" time="0.001" classname="com.expedia.flightsbooking_profiles.TestNG_Grouping"/>
  <testcase name="testBMWX6" time="0.002" classname="com.expedia.flightsbooking_profiles.TestNG_Grouping"/>
  <testcase name="testAudiA6" time="0.019" classname="com.expedia.flightsbooking_profiles.TestNG_Grouping"/>
  <testcase name="testHondaCBR" time="0.002" classname="com.expedia.flightsbooking_profiles.TestNG_Grouping"/>
</testsuite> <!-- com.expedia.flightsbooking_profiles.TestNG_Grouping -->
