<?xml version="1.0" encoding="UTF-8"?>
<!-- Generated by org.testng.reporters.JUnitReportReporter -->
<testsuite hostname="DESKTOP-EPSCO4S" failures="0" tests="4" name="com.expedia.flightsbooking_profiles.TestNG_Grouping" time="0.001" errors="0" timestamp="21 Oct 2019 17:56:07 GMT" skipped="0">
  <testcase classname="com.expedia.flightsbooking_profiles.TestNG_Grouping" name="testHondaCBR" time="0.000"/>
  <testcase classname="com.expedia.flightsbooking_profiles.TestNG_Grouping" name="testNinja" time="0.000"/>
  <testcase classname="com.expedia.flightsbooking_profiles.TestNG_Grouping" name="testAudiA6" time="0.001"/>
  <testcase classname="com.expedia.flightsbooking_profiles.TestNG_Grouping" name="testBMWX6" time="0.000"/>
</testsuite> <!-- com.expedia.flightsbooking_profiles.TestNG_Grouping -->
